/home/zhuxiaoke/project/graph_computing/MatrixGraph/tools/python/train_config.py:491: UserWarning: To copy construct from a tensor, it is recommended to use sourceTensor.clone().detach() or sourceTensor.clone().detach().requires_grad_(True), rather than torch.tensor(sourceTensor).
  algorithms.save_tensor_for_cpp(torch.tensor(perceptron.fc1.weight.data, dtype=torch.float32), model_dirs['W1'])
/home/zhuxiaoke/project/graph_computing/MatrixGraph/tools/python/train_config.py:492: UserWarning: To copy construct from a tensor, it is recommended to use sourceTensor.clone().detach() or sourceTensor.clone().detach().requires_grad_(True), rather than torch.tensor(sourceTensor).
  algorithms.save_tensor_for_cpp(torch.tensor(perceptron.fc1.bias.data, dtype=torch.float32), model_dirs['b1'])
/home/zhuxiaoke/project/graph_computing/MatrixGraph/tools/python/train_config.py:493: UserWarning: To copy construct from a tensor, it is recommended to use sourceTensor.clone().detach() or sourceTensor.clone().detach().requires_grad_(True), rather than torch.tensor(sourceTensor).
  algorithms.save_tensor_for_cpp(torch.tensor(perceptron.fc2.weight.data, dtype=torch.float32), model_dirs['W2'])
/home/zhuxiaoke/project/graph_computing/MatrixGraph/tools/python/train_config.py:494: UserWarning: To copy construct from a tensor, it is recommended to use sourceTensor.clone().detach() or sourceTensor.clone().detach().requires_grad_(True), rather than torch.tensor(sourceTensor).
  algorithms.save_tensor_for_cpp(torch.tensor(perceptron.fc1.bias.data, dtype=torch.float32), model_dirs['b2'])
使用设备: cpu
Using precision from config: float32
Training with precision: float32
Loaded 18 pattern datasets
Graph dataset X dtype: torch.float32
Pattern dataset X dtype: torch.float32
Generating embeddings...
Pattern embedding dtype: torch.float32
Graph embedding dtype: torch.float32
read  1644
[read_cpp_binary_array]: num_elements  1644
[read_cpp_binary_array]: elements_size  8
read  500
[read_cpp_binary_array]: num_elements  500
[read_cpp_binary_array]: elements_size  8
read  245
[read_cpp_binary_array]: num_elements  245
[read_cpp_binary_array]: elements_size  8
read  250
[read_cpp_binary_array]: num_elements  250
[read_cpp_binary_array]: elements_size  8
read  176
[read_cpp_binary_array]: num_elements  176
[read_cpp_binary_array]: elements_size  8
read  319
[read_cpp_binary_array]: num_elements  319
[read_cpp_binary_array]: elements_size  8
read  152
[read_cpp_binary_array]: num_elements  152
[read_cpp_binary_array]: elements_size  8
read  233
[read_cpp_binary_array]: num_elements  233
[read_cpp_binary_array]: elements_size  8
read  266
[read_cpp_binary_array]: num_elements  266
[read_cpp_binary_array]: elements_size  8
read  0
[read_cpp_binary_array]: num_elements  0
[read_cpp_binary_array]: elements_size  8
read  0
[read_cpp_binary_array]: num_elements  0
[read_cpp_binary_array]: elements_size  8
read  2874
[read_cpp_binary_array]: num_elements  2874
[read_cpp_binary_array]: elements_size  8
read  0
[read_cpp_binary_array]: num_elements  0
[read_cpp_binary_array]: elements_size  8
read  0
[read_cpp_binary_array]: num_elements  0
[read_cpp_binary_array]: elements_size  8
read  0
[read_cpp_binary_array]: num_elements  0
[read_cpp_binary_array]: elements_size  8
read  0
[read_cpp_binary_array]: num_elements  0
[read_cpp_binary_array]: elements_size  8
read  0
[read_cpp_binary_array]: num_elements  0
[read_cpp_binary_array]: elements_size  8
read  0
[read_cpp_binary_array]: num_elements  0
[read_cpp_binary_array]: elements_size  8
Processing pattern 1 with 1644 ground truth entries
Processing pattern 2 with 500 ground truth entries
Processing pattern 3 with 245 ground truth entries
Processing pattern 4 with 250 ground truth entries
Processing pattern 5 with 176 ground truth entries
Processing pattern 6 with 319 ground truth entries
Processing pattern 7 with 152 ground truth entries
Processing pattern 8 with 233 ground truth entries
Processing pattern 9 with 266 ground truth entries
Processing pattern 10 with 0 ground truth entries
Processing pattern 11 with 0 ground truth entries
Processing pattern 12 with 2874 ground truth entries
Processing pattern 13 with 0 ground truth entries
Processing pattern 14 with 0 ground truth entries
Processing pattern 15 with 0 ground truth entries
Processing pattern 16 with 0 ground truth entries
Processing pattern 17 with 0 ground truth entries
Processing pattern 18 with 0 ground truth entries
Total training samples: 13318
Positive samples: 6659
Negative samples: 6659
X dtype: float32, shape: (13318, 1)
Training set: 11986 samples
Test set: 1332 samples
初始化MLP，精度: torch.float32，设备: cpu
Starting training...
{'learning_rate': 0.0005, 'epochs': 5000}
Epoch 0, Loss: 0.703252, dtype: torch.float32
Epoch 100, Loss: 0.638329, dtype: torch.float32
Epoch 200, Loss: 0.633196, dtype: torch.float32
Epoch 300, Loss: 0.632061, dtype: torch.float32
Epoch 400, Loss: 0.634553, dtype: torch.float32
Epoch 500, Loss: 0.635694, dtype: torch.float32
Epoch 600, Loss: 0.635901, dtype: torch.float32
Epoch 700, Loss: 0.635399, dtype: torch.float32
Epoch 800, Loss: 0.636981, dtype: torch.float32
Epoch 900, Loss: 0.634346, dtype: torch.float32
Epoch 1000, Loss: 0.638631, dtype: torch.float32
Epoch 1100, Loss: nan, dtype: torch.float32
Epoch 1200, Loss: nan, dtype: torch.float32
Epoch 1300, Loss: nan, dtype: torch.float32
Epoch 1400, Loss: nan, dtype: torch.float32
Epoch 1500, Loss: nan, dtype: torch.float32
Epoch 1600, Loss: nan, dtype: torch.float32
Epoch 1700, Loss: nan, dtype: torch.float32
Epoch 1800, Loss: nan, dtype: torch.float32
Epoch 1900, Loss: nan, dtype: torch.float32
Epoch 2000, Loss: nan, dtype: torch.float32
Epoch 2100, Loss: nan, dtype: torch.float32
Epoch 2200, Loss: nan, dtype: torch.float32
Epoch 2300, Loss: nan, dtype: torch.float32
Epoch 2400, Loss: nan, dtype: torch.float32
Epoch 2500, Loss: nan, dtype: torch.float32
Epoch 2600, Loss: nan, dtype: torch.float32
Epoch 2700, Loss: nan, dtype: torch.float32
Epoch 2800, Loss: nan, dtype: torch.float32
Epoch 2900, Loss: nan, dtype: torch.float32
Epoch 3000, Loss: nan, dtype: torch.float32
Epoch 3100, Loss: nan, dtype: torch.float32
Epoch 3200, Loss: nan, dtype: torch.float32
Epoch 3300, Loss: nan, dtype: torch.float32
Epoch 3400, Loss: nan, dtype: torch.float32
Epoch 3500, Loss: nan, dtype: torch.float32
Epoch 3600, Loss: nan, dtype: torch.float32
Epoch 3700, Loss: nan, dtype: torch.float32
Epoch 3800, Loss: nan, dtype: torch.float32
Epoch 3900, Loss: nan, dtype: torch.float32
Epoch 4000, Loss: nan, dtype: torch.float32
Epoch 4100, Loss: nan, dtype: torch.float32
Epoch 4200, Loss: nan, dtype: torch.float32
Epoch 4300, Loss: nan, dtype: torch.float32
Epoch 4400, Loss: nan, dtype: torch.float32
Epoch 4500, Loss: nan, dtype: torch.float32
Epoch 4600, Loss: nan, dtype: torch.float32
Epoch 4700, Loss: nan, dtype: torch.float32
Epoch 4800, Loss: nan, dtype: torch.float32
Epoch 4900, Loss: nan, dtype: torch.float32
 - Time elapsed: 1070.6822 seconds
Evaluating on test set...

==================================================
TEST SET PERFORMANCE METRICS:
==================================================
Accuracy: 0.5000
Precision: 0.0000
Recall: 0.0000
F1-Score: 0.0000
Total test samples: 1332
Class distribution: {0: 666, 1: 666}
==================================================
f1:  0
prefision:  0
recall:  0.0
Existing metrics function results:
(0, 0.0, 0)

Training completed with float32 precision
Time elapsed: 1325.3946 seconds
Final test accuracy: 0.5000
